<?xml version="1.0" encoding="UTF-8"?>
<!-- Generated by org.testng.reporters.JUnitReportReporter -->
<testsuite hostname="LAPTOP-T9JDTV1E" failures="0" tests="5" name="com.automation.tests.scripts.CreateopportunitiesSalesforce" time="69.120" errors="0" timestamp="2023-10-28T12:11:53 EDT" skipped="0">
  <testcase classname="com.automation.tests.scripts.CreateopportunitiesSalesforce" name="test_opportunity_pipeline_report" time="13.184"/>
  <system-out/>
  <testcase classname="com.automation.tests.scripts.CreateopportunitiesSalesforce" name="test_stuck_opportunities_report" time="13.733"/>
  <system-out/>
  <testcase classname="com.automation.tests.scripts.CreateopportunitiesSalesforce" name="opportunities_drop_down" time="14.662"/>
  <system-out/>
  <testcase classname="com.automation.tests.scripts.CreateopportunitiesSalesforce" name="test_quarterly_summary_report" time="14.164"/>
  <system-out/>
  <testcase classname="com.automation.tests.scripts.CreateopportunitiesSalesforce" name="create_new_opportunity" time="13.377"/>
  <system-out/>
</testsuite> <!-- com.automation.tests.scripts.CreateopportunitiesSalesforce -->
