<?xml version="1.0" encoding="UTF-8"?>
<!-- Generated by org.testng.reporters.JUnitReportReporter -->
<testsuite hostname="LAPTOP-T9JDTV1E" failures="0" tests="5" name="com.automation.tests.scripts.LeadsSalesforce" time="69.590" errors="0" timestamp="2023-10-28T12:11:53 EDT" skipped="0">
  <testcase classname="com.automation.tests.scripts.LeadsSalesforce" name="list_item_todays_leads_work" time="13.275"/>
  <system-out/>
  <testcase classname="com.automation.tests.scripts.LeadsSalesforce" name="leads_select_view" time="15.588"/>
  <system-out/>
  <testcase classname="com.automation.tests.scripts.LeadsSalesforce" name="validate_view_drop_down_list_contents" time="10.304"/>
  <system-out/>
  <testcase classname="com.automation.tests.scripts.LeadsSalesforce" name="leads_tab_link" time="14.420"/>
  <system-out/>
  <testcase classname="com.automation.tests.scripts.LeadsSalesforce" name="check_new_button_on_leads_home" time="16.003"/>
  <system-out/>
</testsuite> <!-- com.automation.tests.scripts.LeadsSalesforce -->
