<?xml version="1.0" encoding="UTF-8"?>
<!-- Generated by org.testng.reporters.JUnitReportReporter -->
<testsuite hostname="LAPTOP-T9JDTV1E" failures="0" tests="4" name="com.automation.tests.scripts.ContactsSalesforce" time="61.744" errors="0" timestamp="2023-10-28T12:11:53 EDT" skipped="0">
  <testcase classname="com.automation.tests.scripts.ContactsSalesforce" name="View_contact_in_contact_page" time="13.374"/>
  <system-out/>
  <testcase classname="com.automation.tests.scripts.ContactsSalesforce" name="check_recently_created_contact" time="15.172"/>
  <system-out/>
  <testcase classname="com.automation.tests.scripts.ContactsSalesforce" name="create_new_contact" time="16.942"/>
  <system-out/>
  <testcase classname="com.automation.tests.scripts.ContactsSalesforce" name="Check_my_contacts_view" time="16.256"/>
  <system-out/>
</testsuite> <!-- com.automation.tests.scripts.ContactsSalesforce -->
