<?xml version="1.0" encoding="UTF-8"?>
<!-- Generated by org.testng.reporters.JUnitReportReporter -->
<testsuite hostname="LAPTOP-T9JDTV1E" failures="0" tests="5" name="com.automation.tests.scripts.LoginSalesforcetestcase" time="73.340" errors="0" timestamp="2023-10-28T12:11:53 EDT" skipped="0">
  <testcase classname="com.automation.tests.scripts.LoginSalesforcetestcase" name="login_to_salesforce" time="8.984"/>
  <system-out/>
  <testcase classname="com.automation.tests.scripts.LoginSalesforcetestcase" name="login_error_message" time="8.607"/>
  <system-out/>
  <testcase classname="com.automation.tests.scripts.LoginSalesforcetestcase" name="forgot_password" time="13.708"/>
  <system-out/>
  <testcase classname="com.automation.tests.scripts.LoginSalesforcetestcase" name="validate_login_error_message" time="12.484"/>
  <system-out/>
  <testcase classname="com.automation.tests.scripts.LoginSalesforcetestcase" name="check_remember_me" time="29.557"/>
  <system-out/>
</testsuite> <!-- com.automation.tests.scripts.LoginSalesforcetestcase -->
