<?xml version="1.0" encoding="UTF-8"?>
<!-- Generated by org.testng.reporters.JUnitReportReporter -->
<testsuite hostname="LAPTOP-T9JDTV1E" failures="0" tests="4" name="com.automation.tests.scripts.FirebaseAutomationScript" time="59.097" errors="0" timestamp="2023-10-27T14:52:48 EDT" skipped="0">
  <testcase classname="com.automation.tests.scripts.FirebaseAutomationScript" name="firebase_Select_DropDown" time="19.937"/>
  <system-out/>
  <testcase classname="com.automation.tests.scripts.FirebaseAutomationScript" name="invalid_login_to_firebase1" time="12.452"/>
  <system-out/>
  <testcase classname="com.automation.tests.scripts.FirebaseAutomationScript" name="invalid_login_to_firebase2" time="14.486"/>
  <system-out/>
  <testcase classname="com.automation.tests.scripts.FirebaseAutomationScript" name="login_to_firebase" time="12.222"/>
  <system-out/>
</testsuite> <!-- com.automation.tests.scripts.FirebaseAutomationScript -->
